{"level":"info","message":"Server running on port 3000","service":"exam-panel","timestamp":"2025-08-06T10:39:47.275Z"}
{"level":"info","message":"Server running on port 3000","service":"exam-panel","timestamp":"2025-08-06T10:50:22.494Z"}
{"level":"info","message":"Server running on port 3001","service":"exam-panel","timestamp":"2025-08-06T11:07:53.408Z"}
{"level":"info","message":"Server running on port 3001","service":"exam-panel","timestamp":"2025-08-06T11:07:59.551Z"}
{"level":"info","message":"GET / - ::1","service":"exam-panel","timestamp":"2025-08-06T11:08:24.140Z"}
{"level":"info","message":"GET /favicon.ico - ::1","service":"exam-panel","timestamp":"2025-08-06T11:08:24.226Z"}
{"level":"info","message":"GET /api/health - ::1","service":"exam-panel","timestamp":"2025-08-06T11:09:49.000Z"}
{"level":"info","message":"GET /api/health/login - ::1","service":"exam-panel","timestamp":"2025-08-06T11:10:07.258Z"}
{"level":"info","message":"GET /api/auth/login - ::1","service":"exam-panel","timestamp":"2025-08-06T11:10:21.579Z"}
{"level":"info","message":"GET /api/auth/login - ::1","service":"exam-panel","timestamp":"2025-08-06T11:10:24.703Z"}
{"level":"info","message":"GET /api/auth/login - ::1","service":"exam-panel","timestamp":"2025-08-06T11:10:43.479Z"}
{"level":"info","message":"GET /api/exams - ::1","service":"exam-panel","timestamp":"2025-08-06T11:11:02.598Z"}
{"level":"warn","message":"Access denied: No token provided","service":"exam-panel","timestamp":"2025-08-06T11:11:02.600Z"}
{"level":"info","message":"POST /api/auth/register - ::1","service":"exam-panel","timestamp":"2025-08-06T11:16:41.466Z"}
{"level":"info","message":"POST /api/auth/register - ::1","service":"exam-panel","timestamp":"2025-08-06T11:17:08.621Z"}
{"level":"info","message":"POST /api/auth/register - ::1","service":"exam-panel","timestamp":"2025-08-06T11:17:41.193Z"}
{"level":"info","message":"POST /api/auth/register - ::1","service":"exam-panel","timestamp":"2025-08-06T11:19:33.370Z"}
{"level":"info","message":"User registered: teacher@test.com","service":"exam-panel","timestamp":"2025-08-06T11:19:33.657Z"}
{"level":"info","message":"POST /api/auth/login - ::1","service":"exam-panel","timestamp":"2025-08-06T11:21:12.274Z"}
{"level":"info","message":"User logged in: teacher@test.com","service":"exam-panel","timestamp":"2025-08-06T11:21:12.534Z"}
{"level":"info","message":"GET /api/health - ::1","service":"exam-panel","timestamp":"2025-08-06T11:21:40.453Z"}
{"level":"info","message":"POST /api/auth/login - ::1","service":"exam-panel","timestamp":"2025-08-06T11:22:44.840Z"}
{"level":"info","message":"User logged in: teacher@test.com","service":"exam-panel","timestamp":"2025-08-06T11:22:45.122Z"}
{"level":"info","message":"GET /api/exams - ::1","service":"exam-panel","timestamp":"2025-08-06T11:22:45.173Z"}
{"level":"info","message":"GET /api/marks - ::1","service":"exam-panel","timestamp":"2025-08-06T11:22:45.182Z"}
{"level":"info","message":"GET /api/students - ::1","service":"exam-panel","timestamp":"2025-08-06T11:22:45.190Z"}
{"level":"info","message":"GET /api/exams - ::1","service":"exam-panel","timestamp":"2025-08-06T11:23:00.081Z"}
{"level":"info","message":"GET /api/exams - ::1","service":"exam-panel","timestamp":"2025-08-06T11:23:04.333Z"}
{"level":"info","message":"GET /api/students - ::1","service":"exam-panel","timestamp":"2025-08-06T11:23:04.341Z"}
{"level":"info","message":"GET /api/marks - ::1","service":"exam-panel","timestamp":"2025-08-06T11:23:04.344Z"}
{"level":"info","message":"GET /api/exams - ::1","service":"exam-panel","timestamp":"2025-08-06T11:23:05.459Z"}
{"level":"info","message":"GET /api/students - ::1","service":"exam-panel","timestamp":"2025-08-06T11:23:06.794Z"}
{"level":"info","message":"GET /api/marks - ::1","service":"exam-panel","timestamp":"2025-08-06T11:23:07.717Z"}
{"level":"info","message":"GET /api/exams - ::1","service":"exam-panel","timestamp":"2025-08-06T11:23:08.877Z"}
{"level":"info","message":"GET /api/students - ::1","service":"exam-panel","timestamp":"2025-08-06T11:23:08.890Z"}
{"level":"info","message":"GET /api/marks - ::1","service":"exam-panel","timestamp":"2025-08-06T11:23:08.894Z"}
{"level":"info","message":"GET /api/marks - ::1","service":"exam-panel","timestamp":"2025-08-06T11:25:01.425Z"}
{"level":"info","message":"POST /api/auth/login - ::1","service":"exam-panel","timestamp":"2025-08-06T11:25:18.459Z"}
{"level":"info","message":"POST /api/auth/login - ::1","service":"exam-panel","timestamp":"2025-08-06T11:25:26.064Z"}
{"level":"info","message":"POST /api/auth/login - ::1","service":"exam-panel","timestamp":"2025-08-06T11:25:27.650Z"}
{"level":"info","message":"POST /api/auth/login - ::1","service":"exam-panel","timestamp":"2025-08-06T11:25:53.490Z"}
{"level":"info","message":"User logged in: teacher@test.com","service":"exam-panel","timestamp":"2025-08-06T11:25:53.809Z"}
{"level":"info","message":"GET /api/marks - ::1","service":"exam-panel","timestamp":"2025-08-06T11:25:53.836Z"}
{"level":"info","message":"GET /api/exams - ::1","service":"exam-panel","timestamp":"2025-08-06T11:25:53.852Z"}
{"level":"info","message":"GET /api/students - ::1","service":"exam-panel","timestamp":"2025-08-06T11:25:53.866Z"}
{"level":"info","message":"GET /api/exams - ::1","service":"exam-panel","timestamp":"2025-08-06T11:26:09.390Z"}
{"level":"info","message":"Server running on port 3001","service":"exam-panel","timestamp":"2025-08-06T12:19:12.230Z"}
{"level":"info","message":"Server running on port 3001","service":"exam-panel","timestamp":"2025-08-07T05:47:50.386Z"}
{"level":"info","message":"GET / - ::1","service":"exam-panel","timestamp":"2025-08-07T05:47:58.878Z"}
{"level":"info","message":"GET /favicon.ico - ::1","service":"exam-panel","timestamp":"2025-08-07T05:47:58.959Z"}
{"level":"info","message":"GET /api/exams - ::1","service":"exam-panel","timestamp":"2025-08-07T05:55:20.197Z"}
{"level":"info","message":"GET /api/students - ::1","service":"exam-panel","timestamp":"2025-08-07T05:55:20.206Z"}
{"level":"info","message":"GET /api/marks - ::1","service":"exam-panel","timestamp":"2025-08-07T05:55:20.212Z"}
{"level":"info","message":"GET /api/exams - ::1","service":"exam-panel","timestamp":"2025-08-07T05:55:45.224Z"}
{"level":"info","message":"POST /api/exams - ::1","service":"exam-panel","timestamp":"2025-08-07T05:56:47.899Z"}
{"level":"info","message":"Exam created: c language by user 1","service":"exam-panel","timestamp":"2025-08-07T05:56:48.095Z"}
{"level":"info","message":"GET /api/exams - ::1","service":"exam-panel","timestamp":"2025-08-07T05:56:48.226Z"}
{"level":"info","message":"GET /api/students - ::1","service":"exam-panel","timestamp":"2025-08-07T05:56:58.356Z"}
{"level":"info","message":"POST /api/students - ::1","service":"exam-panel","timestamp":"2025-08-07T05:57:16.104Z"}
{"level":"info","message":"Student created: ruchithatummepalli@gmail.com","service":"exam-panel","timestamp":"2025-08-07T05:57:16.311Z"}
{"level":"info","message":"GET /api/students - ::1","service":"exam-panel","timestamp":"2025-08-07T05:57:16.409Z"}
{"level":"info","message":"GET /api/marks - ::1","service":"exam-panel","timestamp":"2025-08-07T05:57:21.419Z"}
{"level":"info","message":"GET /api/exams - ::1","service":"exam-panel","timestamp":"2025-08-07T05:57:21.423Z"}
{"level":"info","message":"GET /api/students - ::1","service":"exam-panel","timestamp":"2025-08-07T05:57:21.426Z"}
{"level":"info","message":"GET /api/marks - ::1","service":"exam-panel","timestamp":"2025-08-07T05:57:24.967Z"}
{"level":"info","message":"GET /api/exams - ::1","service":"exam-panel","timestamp":"2025-08-07T05:57:26.547Z"}
{"level":"info","message":"GET /api/students - ::1","service":"exam-panel","timestamp":"2025-08-07T05:57:26.551Z"}
{"level":"info","message":"POST /api/marks - ::1","service":"exam-panel","timestamp":"2025-08-07T05:57:44.062Z"}
{"level":"info","message":"Marks recorded for student 1 in exam 1","service":"exam-panel","timestamp":"2025-08-07T05:57:44.257Z"}
{"level":"info","message":"GET /api/marks - ::1","service":"exam-panel","timestamp":"2025-08-07T05:57:44.369Z"}
{"level":"info","message":"GET /api/students - ::1","service":"exam-panel","timestamp":"2025-08-07T05:57:46.609Z"}
{"level":"info","message":"GET /api/exams - ::1","service":"exam-panel","timestamp":"2025-08-07T05:57:47.633Z"}
{"level":"info","message":"GET /api/exams - ::1","service":"exam-panel","timestamp":"2025-08-07T05:57:48.626Z"}
{"level":"info","message":"GET /api/students - ::1","service":"exam-panel","timestamp":"2025-08-07T05:57:48.630Z"}
{"level":"info","message":"GET /api/marks - ::1","service":"exam-panel","timestamp":"2025-08-07T05:57:48.633Z"}
{"level":"info","message":"GET /api/exams - ::1","service":"exam-panel","timestamp":"2025-08-07T05:57:51.586Z"}
{"level":"info","message":"POST /api/auth/login - ::1","service":"exam-panel","timestamp":"2025-08-07T05:58:50.149Z"}
{"level":"info","message":"POST /api/auth/login - ::1","service":"exam-panel","timestamp":"2025-08-07T06:01:18.283Z"}
{"level":"info","message":"User logged in: teacher@test.com","service":"exam-panel","timestamp":"2025-08-07T06:01:18.621Z"}
{"level":"info","message":"GET /api/exams - ::1","service":"exam-panel","timestamp":"2025-08-07T06:01:18.650Z"}
{"level":"info","message":"GET /api/students - ::1","service":"exam-panel","timestamp":"2025-08-07T06:01:18.654Z"}
{"level":"info","message":"GET /api/marks - ::1","service":"exam-panel","timestamp":"2025-08-07T06:01:18.658Z"}
{"level":"info","message":"GET /api/students - ::1","service":"exam-panel","timestamp":"2025-08-07T06:18:40.577Z"}
{"level":"info","message":"GET /api/exams - ::1","service":"exam-panel","timestamp":"2025-08-07T08:47:16.561Z"}
{"level":"info","message":"GET /api/marks - ::1","service":"exam-panel","timestamp":"2025-08-07T08:47:16.579Z"}
{"level":"info","message":"GET /api/students - ::1","service":"exam-panel","timestamp":"2025-08-07T08:47:16.582Z"}
{"level":"info","message":"GET /api/students - ::1","service":"exam-panel","timestamp":"2025-08-07T08:50:21.578Z"}
{"level":"info","message":"GET /api/exams - ::1","service":"exam-panel","timestamp":"2025-08-07T08:50:21.584Z"}
{"level":"info","message":"GET /api/marks - ::1","service":"exam-panel","timestamp":"2025-08-07T08:50:21.589Z"}
{"level":"info","message":"GET /api/marks - ::1","service":"exam-panel","timestamp":"2025-08-07T08:53:10.338Z"}
{"level":"info","message":"GET /api/students - ::1","service":"exam-panel","timestamp":"2025-08-07T08:53:10.341Z"}
{"level":"info","message":"GET /api/exams - ::1","service":"exam-panel","timestamp":"2025-08-07T08:53:10.344Z"}
{"level":"info","message":"POST /api/auth/login - ::1","service":"exam-panel","timestamp":"2025-08-07T08:53:38.692Z"}
{"level":"info","message":"User logged in: teacher@test.com","service":"exam-panel","timestamp":"2025-08-07T08:53:38.982Z"}
{"level":"info","message":"GET /api/exams - ::1","service":"exam-panel","timestamp":"2025-08-07T08:53:39.026Z"}
{"level":"info","message":"GET /api/students - ::1","service":"exam-panel","timestamp":"2025-08-07T08:53:39.037Z"}
{"level":"info","message":"GET /api/marks - ::1","service":"exam-panel","timestamp":"2025-08-07T08:53:39.043Z"}
{"level":"info","message":"GET /api/students - ::1","service":"exam-panel","timestamp":"2025-08-07T08:53:41.003Z"}
{"level":"info","message":"GET /api/marks - ::1","service":"exam-panel","timestamp":"2025-08-07T08:53:44.775Z"}
{"level":"info","message":"GET /api/exams - ::1","service":"exam-panel","timestamp":"2025-08-07T08:53:44.788Z"}
{"level":"info","message":"GET /api/students - ::1","service":"exam-panel","timestamp":"2025-08-07T08:53:44.802Z"}
{"level":"info","message":"GET /api/exams - ::1","service":"exam-panel","timestamp":"2025-08-07T08:53:45.841Z"}
{"level":"info","message":"GET /api/students - ::1","service":"exam-panel","timestamp":"2025-08-07T08:53:46.792Z"}
{"level":"info","message":"GET /api/exams - ::1","service":"exam-panel","timestamp":"2025-08-07T08:53:47.797Z"}
{"level":"info","message":"GET /api/students - ::1","service":"exam-panel","timestamp":"2025-08-07T08:53:51.707Z"}
{"level":"info","message":"GET /api/marks - ::1","service":"exam-panel","timestamp":"2025-08-07T08:53:52.465Z"}
{"level":"info","message":"POST /api/auth/login - ::1","service":"exam-panel","timestamp":"2025-08-07T08:58:48.261Z"}
{"level":"info","message":"POST /api/auth/login - ::1","service":"exam-panel","timestamp":"2025-08-07T08:58:54.997Z"}
{"level":"info","message":"User logged in: teacher@test.com","service":"exam-panel","timestamp":"2025-08-07T08:58:55.136Z"}
{"level":"info","message":"GET /api/exams - ::1","service":"exam-panel","timestamp":"2025-08-07T08:58:55.183Z"}
{"level":"info","message":"GET /api/students - ::1","service":"exam-panel","timestamp":"2025-08-07T08:58:55.201Z"}
{"level":"info","message":"GET /api/marks - ::1","service":"exam-panel","timestamp":"2025-08-07T08:58:55.211Z"}
{"level":"info","message":"GET /api/auth/register - ::1","service":"exam-panel","timestamp":"2025-08-07T09:02:09.770Z"}
{"level":"info","message":"POST /api/auth/register - ::1","service":"exam-panel","timestamp":"2025-08-07T09:02:44.498Z"}
{"level":"info","message":"User registered: newteacher@test.com","service":"exam-panel","timestamp":"2025-08-07T09:02:44.844Z"}
{"level":"info","message":"GET /api/exams - ::1","service":"exam-panel","timestamp":"2025-08-07T09:08:00.583Z"}
{"level":"info","message":"GET /api/students - ::1","service":"exam-panel","timestamp":"2025-08-07T09:08:00.598Z"}
{"level":"info","message":"GET /api/marks - ::1","service":"exam-panel","timestamp":"2025-08-07T09:08:00.604Z"}
{"level":"info","message":"GET /api/exams - ::1","service":"exam-panel","timestamp":"2025-08-07T09:08:08.527Z"}
{"level":"info","message":"GET /api/marks - ::1","service":"exam-panel","timestamp":"2025-08-07T09:08:08.531Z"}
{"level":"info","message":"GET /api/students - ::1","service":"exam-panel","timestamp":"2025-08-07T09:08:08.539Z"}
{"level":"info","message":"GET /api/exams - ::1","service":"exam-panel","timestamp":"2025-08-07T09:08:23.889Z"}
{"level":"info","message":"GET /api/students - ::1","service":"exam-panel","timestamp":"2025-08-07T09:08:23.892Z"}
{"level":"info","message":"GET /api/marks - ::1","service":"exam-panel","timestamp":"2025-08-07T09:08:23.896Z"}
{"level":"info","message":"POST /api/auth/login - ::1","service":"exam-panel","timestamp":"2025-08-07T09:09:07.290Z"}
{"level":"info","message":"User logged in: newteacher@test.com","service":"exam-panel","timestamp":"2025-08-07T09:09:07.664Z"}
{"level":"info","message":"GET /api/exams - ::1","service":"exam-panel","timestamp":"2025-08-07T09:09:07.710Z"}
{"level":"info","message":"GET /api/students - ::1","service":"exam-panel","timestamp":"2025-08-07T09:09:07.737Z"}
{"level":"info","message":"GET /api/marks - ::1","service":"exam-panel","timestamp":"2025-08-07T09:09:07.744Z"}
{"level":"info","message":"GET /api/marks - ::1","service":"exam-panel","timestamp":"2025-08-07T09:09:17.928Z"}
{"level":"info","message":"GET /api/exams - ::1","service":"exam-panel","timestamp":"2025-08-07T09:09:20.084Z"}
{"level":"info","message":"GET /api/students - ::1","service":"exam-panel","timestamp":"2025-08-07T09:09:20.107Z"}
{"level":"info","message":"GET /api/marks - ::1","service":"exam-panel","timestamp":"2025-08-07T09:09:20.120Z"}
{"level":"info","message":"GET /api/exams - ::1","service":"exam-panel","timestamp":"2025-08-07T09:09:21.456Z"}
{"level":"info","message":"POST /api/exams - ::1","service":"exam-panel","timestamp":"2025-08-07T09:10:29.004Z"}
{"level":"info","message":"Exam created: python by user 2","service":"exam-panel","timestamp":"2025-08-07T09:10:29.216Z"}
{"level":"info","message":"GET /api/exams - ::1","service":"exam-panel","timestamp":"2025-08-07T09:10:29.334Z"}
{"level":"info","message":"GET /api/students - ::1","service":"exam-panel","timestamp":"2025-08-07T09:10:35.458Z"}
{"level":"info","message":"GET /api/exams - ::1","service":"exam-panel","timestamp":"2025-08-07T10:05:48.749Z"}
{"level":"info","message":"GET /api/students - ::1","service":"exam-panel","timestamp":"2025-08-07T10:05:48.770Z"}
{"level":"info","message":"GET /api/marks - ::1","service":"exam-panel","timestamp":"2025-08-07T10:05:48.775Z"}
{"level":"info","message":"GET /api/students - ::1","service":"exam-panel","timestamp":"2025-08-07T10:19:12.976Z"}
{"level":"info","message":"POST /api/students - ::1","service":"exam-panel","timestamp":"2025-08-07T10:19:39.523Z"}
{"level":"info","message":"Student created: sree@gmail.com","service":"exam-panel","timestamp":"2025-08-07T10:19:39.753Z"}
{"level":"info","message":"GET /api/students - ::1","service":"exam-panel","timestamp":"2025-08-07T10:19:39.850Z"}
{"level":"info","message":"Server running on port 3001","service":"exam-panel","timestamp":"2025-08-07T10:48:31.069Z"}
